2020-11-27 18:37:53 [root] WARNING: {'date': '【浙沥在分类】本期垃圾分类红黑榜大揭秘！',
 'href': 'http://guali.xsnet.cn/html/2020/ygzw_0608/12015.html',
 'title': '2020-06-08'}
2020-11-27 18:37:53 [root] WARNING: {'date': '【浙沥在分类】本期垃圾分类红黑榜又和大家见面啦！',
 'href': 'http://guali.xsnet.cn/html/2020/ygzw_0521/11966.html',
 'title': '2020-05-21'}
2020-11-27 18:37:53 [root] WARNING: {'date': '【浙沥在分类】本期村社垃圾分类红黑榜新鲜出炉，速来围观！',
 'href': 'http://guali.xsnet.cn/html/2020/ygzw_0509/11949.html',
 'title': '2020-05-09'}
2020-11-27 18:37:53 [root] WARNING: {'date': '瓜沥开展消防安全零点集中夜查行动',
 'href': 'http://guali.xsnet.cn/html/2020/ygzw_0416/11899.html',
 'title': '2020-04-16'}
2020-11-27 18:37:53 [root] WARNING: {'date': '瓜沥吹响“无违建”创建集结号',
 'href': 'http://guali.xsnet.cn/html/2020/ygzw_0416/11898.html',
 'title': '2020-04-16'}
2020-11-27 18:37:53 [root] WARNING: {'date': '瓜沥吹响第二批美丽乡村创建工作集结号',
 'href': 'http://guali.xsnet.cn/html/2020/ygzw_0416/11897.html',
 'title': '2020-04-16'}
2020-11-27 18:37:53 [root] WARNING: {'date': '瓜沥：以“扫街模式”推进＂健康商铺”行动',
 'href': 'http://guali.xsnet.cn/html/2020/glxw_0222/11733.html',
 'title': '2020-02-22'}
2020-11-27 18:37:53 [root] WARNING: {'date': '瓜沥，值守机场“大门”的先锋力量',
 'href': 'http://guali.xsnet.cn/html/2020/glxw_0222/11732.html',
 'title': '2020-02-22'}
2020-11-27 18:37:53 [root] WARNING: {'date': '瓜沥举行党的十九届四中全会精神宣讲报告会',
 'href': 'http://guali.xsnet.cn/html/2019/glxw_1223/11663.html',
 'title': '2019-12-23'}
2020-11-27 18:37:53 [root] WARNING: {'date': '瓜沥举行党的十九届四中全会精神宣讲报告会',
 'href': 'http://guali.xsnet.cn/html/2019/glxw_1223/11663.html',
 'title': '2019-12-23'}
2020-11-27 18:37:53 [root] WARNING: {'date': '瓜沥东恩获评浙江省AA级景区村庄',
 'href': 'http://guali.xsnet.cn/html/2019/glxw_1217/11662.html',
 'title': '2019-12-17'}
2020-11-27 18:37:53 [root] WARNING: {'date': '关于征集2020年为民办实事项目的通知',
 'href': 'http://guali.xsnet.cn/html/2019/glxw_1121/11627.html',
 'title': '2019-11-21'}
2020-11-27 18:37:53 [root] WARNING: {'date': '区社会治理综合服务中心瓜沥分中心今日揭牌启用 一条龙受理东片群众反映诉求',
 'href': 'http://guali.xsnet.cn/html/2019/glxw_1108/11624.html',
 'title': '2019-11-08'}
2020-11-27 18:37:53 [root] WARNING: {'date': '瓜沥镇公共服务中心全面推行民生事项“就近办”',
 'href': 'http://guali.xsnet.cn/html/2019/glxw_0902/11523.html',
 'title': '2019-09-02'}
2020-11-27 18:37:53 [root] WARNING: {'date': '瓜沥镇十八届人民代表大会第七次会议召开',
 'href': 'http://guali.xsnet.cn/html/2019/glxw_0729/11475.html',
 'title': '2019-07-29'}
2020-11-27 18:37:53 [root] WARNING: {'date': '瓜沥镇第十八届人民大表大会第六次会议顺利召开',
 'href': 'http://guali.xsnet.cn/html/2019/lddt_0126/10887.html',
 'title': '2019-01-26'}
2020-11-27 18:37:53 [root] WARNING: {'date': '瓜沥开展夏季安全生产检查',
 'href': 'http://guali.xsnet.cn/html/2018/lddt_0715/10213.html',
 'title': '2018-07-15'}
2020-11-27 18:37:53 [root] WARNING: {'date': '瓜沥农村辅房整治工作在问题中找症结 求突破',
 'href': 'http://guali.xsnet.cn/html/2018/lddt_0712/10201.html',
 'title': '2018-07-12'}
2020-11-27 18:37:53 [root] WARNING: {'date': '跑得快 跑得少 瓜沥“最多跑一次”跑出便民新速度',
 'href': 'http://guali.xsnet.cn/html/2018/lddt_0711/10204.html',
 'title': '2018-07-11'}
2020-11-27 18:37:53 [root] WARNING: {'date': '瓜沥扎实部署第三季度安全生产工作',
 'href': 'http://guali.xsnet.cn/html/2018/lddt_0703/10169.html',
 'title': '2018-07-03'}
2020-11-27 18:37:53 [root] WARNING: {'date': '瓜沥镇“七月重点整治月”行动启动',
 'href': 'http://guali.xsnet.cn/html/2018/lddt_0629/10162.html',
 'title': '2018-06-29'}
2020-11-27 18:37:53 [root] WARNING: {'date': '瓜沥镇召开纪念建党97周年党员大会',
 'href': 'http://guali.xsnet.cn/html/2018/lddt_0625/10137.html',
 'title': '2018-06-25'}
2020-11-27 18:37:53 [root] WARNING: {'date': '瓜沥积极谋划工业经济发展',
 'href': 'http://guali.xsnet.cn/html/2018/lddt_0614/10121.html',
 'title': '2018-06-14'}
2020-11-27 18:37:53 [root] WARNING: {'date': '徐晓福：兴城拓港 瓜沥由镇向城蝶变',
 'href': 'http://guali.xsnet.cn/html/2018/mtgz_0612/10115.html',
 'title': '2018-06-12'}
2020-11-27 18:37:53 [root] WARNING: {'date': '瓜沥召开新年思想作风建设大会',
 'href': 'http://guali.xsnet.cn/html/2018/lddt_0226/9660.html',
 'title': '2018-02-26'}
2020-11-27 18:37:53 [root] WARNING: {'date': '瓜沥打响十二大行业“散乱污”企业集中整治攻坚战',
 'href': 'http://guali.xsnet.cn/html/2018/lddt_0203/9621.html',
 'title': '2018-02-03'}
2020-11-27 18:37:53 [root] WARNING: {'date': '瓜沥开展春节前慰问送温暖',
 'href': 'http://guali.xsnet.cn/html/2018/lddt_0130/9612.html',
 'title': '2018-01-30'}
2020-11-27 18:37:53 [root] WARNING: {'date': '瓜沥：倾力打造小城市 建设国内一流现代化临空新城',
 'href': 'http://guali.xsnet.cn/html/2018/mtgz_0117/9588.html',
 'title': '2018-01-17'}
2020-11-27 18:37:53 [root] WARNING: {'date': '瓜沥镇第十八届人民代表大会第三次会议胜利召开',
 'href': 'http://guali.xsnet.cn/html/2018/lddt_0111/9579.html',
 'title': '2018-01-11'}
2020-11-27 18:37:53 [root] WARNING: {'date': '瓜沥传达贯彻区委十五届三次全体（扩大）会议精神',
 'href': 'http://guali.xsnet.cn/html/2018/lddt_0109/9572.html',
 'title': '2018-01-09'}
2020-11-27 18:37:53 [root] WARNING: {'date': '推广万隆模式 打造瓜沥样板 瓜沥加大力度推进企业上市工作',
 'href': 'http://guali.xsnet.cn/html/2017/lddt_1027/9383.html',
 'title': '2017-10-27'}
2020-11-27 18:37:53 [root] WARNING: {'date': '瓜沥举行金融风险防控和打击传销工作座谈会',
 'href': 'http://guali.xsnet.cn/html/2017/glxw_1012/9375.html',
 'title': '2017-10-12'}
2020-11-27 18:37:53 [root] WARNING: {'date': '瓜沥召开护航十九大维稳安保工作会议',
 'href': 'http://guali.xsnet.cn/html/2017/lddt_1011/9371.html',
 'title': '2017-10-11'}
2020-11-27 18:37:53 [root] WARNING: {'date': '瓜沥以环保督查为契机 倒逼环境质量提升',
 'href': 'http://guali.xsnet.cn/html/2017/glxw_0906/9273.html',
 'title': '2017-09-06'}
2020-11-27 18:37:53 [root] WARNING: {'date': '瓜沥开展社会治理体系暨“四个平台”运行演练',
 'href': 'http://guali.xsnet.cn/html/2017/glxw_0906/9272.html',
 'title': '2017-09-06'}
2020-11-27 18:37:53 [root] WARNING: {'date': '瓜沥剿劣进入冲刺阶段',
 'href': 'http://guali.xsnet.cn/html/2017/glxw_0906/9271.html',
 'title': '2017-09-06'}
2020-11-27 18:37:53 [root] WARNING: {'date': '瓜沥“百千万”活动坚持实打实',
 'href': 'http://guali.xsnet.cn/html/2017/lddt_0906/9269.html',
 'title': '2017-09-06'}
2020-11-27 18:37:53 [root] WARNING: {'date': '瓜沥召开综合治理体系建设工作推进会暨业务培训会',
 'href': 'http://guali.xsnet.cn/html/2017/lddt_0829/9233.html',
 'title': '2017-08-29'}
2020-11-27 18:37:53 [root] WARNING: {'date': '瓜沥召开镇工会第四次代表大会',
 'href': 'http://guali.xsnet.cn/html/2017/lddt_0729/9102.html',
 'title': '2017-07-29'}
2020-11-27 18:37:53 [root] WARNING: {'date': '瓜沥镇召开第十八届人代会二次会议',
 'href': 'http://guali.xsnet.cn/html/2017/lddt_0726/9092.html',
 'title': '2017-07-26'}
2020-11-27 18:37:53 [root] WARNING: {'date': '瓜沥扎实部署第三季度安全生产工作',
 'href': 'http://guali.xsnet.cn/html/2017/lddt_0724/9086.html',
 'title': '2017-07-24'}
2020-11-27 18:37:53 [root] WARNING: {'date': '筑牢小城市安全网 瓜沥镇启动2017夏季平安大巡防行动',
 'href': 'http://guali.xsnet.cn/html/2017/lddt_0720/9069.html',
 'title': '2017-07-20'}
2020-11-27 18:37:53 [root] WARNING: {'date': '瓜沥重点工作属地管理出真招',
 'href': 'http://guali.xsnet.cn/html/2017/lddt_0720/9057.html',
 'title': '2017-07-20'}
2020-11-27 18:37:53 [root] WARNING: {'date': '瓜沥2017年征兵工作全面启动',
 'href': 'http://guali.xsnet.cn/html/2017/lddt_0710/9015.html',
 'title': '2017-07-10'}
2020-11-27 18:37:53 [root] WARNING: {'date': '瓜沥召开城镇环境管理导则评审会',
 'href': 'http://guali.xsnet.cn/html/2017/lddt_0707/9010.html',
 'title': '2017-07-07'}
2020-11-27 18:37:53 [root] WARNING: {'date': '瓜沥镇第十八次妇女代表大会隆重召开',
 'href': 'http://guali.xsnet.cn/html/2017/lddt_0703/8996.html',
 'title': '2017-07-03'}
2020-11-27 18:37:53 [root] WARNING: {'date': '瓜沥镇2017年第一季度政务公开',
 'href': 'http://guali.xsnet.cn/html/2017/ygzw_0426/8564.html',
 'title': '2017-04-26'}
2020-11-27 18:37:53 [root] WARNING: {'date': '瓜沥启动村（社）妇联换届选举工作',
 'href': 'http://guali.xsnet.cn/html/2017/glxw_0425/8518.html',
 'title': '2017-04-25'}
2020-11-27 18:37:53 [root] WARNING: {'date': '瓜沥全面铺开小微水体综合整治',
 'href': 'http://guali.xsnet.cn/html/2017/lddt_0424/8509.html',
 'title': '2017-04-24'}
2020-11-27 18:37:53 [root] WARNING: {'date': '瓜沥镇进入村级组织换届时间',
 'href': 'http://guali.xsnet.cn/html/2017/lddt_0329/8437.html',
 'title': '2017-03-29'}
2020-11-27 18:37:53 [root] WARNING: {'date': '瓜沥召开剿灭劣V类水工作推进会',
 'href': 'http://guali.xsnet.cn/html/2017/lddt_0322/8409.html',
 'title': '2017-03-22'}
2020-11-27 18:37:53 [root] WARNING: {'date': '瓜沥抓紧抓好抓实七大重点工作',
 'href': 'http://guali.xsnet.cn/html/2017/lddt_0223/8311.html',
 'title': '2017-02-23'}
2020-11-27 18:37:53 [root] WARNING: {'date': '瓜沥召开“深化作风建设、大干快干2017”誓师大会',
 'href': 'http://guali.xsnet.cn/html/2017/lddt_0213/8279.html',
 'title': '2017-02-13'}
2020-11-27 18:37:53 [root] WARNING: {'date': '瓜沥组织收看萧山区深化作风建设大会',
 'href': 'http://guali.xsnet.cn/html/2017/lddt_0206/8249.html',
 'title': '2017-02-06'}
2020-11-27 18:37:53 [root] WARNING: {'date': '瓜沥节后走村访企忙',
 'href': 'http://guali.xsnet.cn/html/2017/lddt_0204/8241.html',
 'title': '2017-02-04'}
2020-11-27 18:37:53 [root] WARNING: {'date': '新任书记走村访企听民声',
 'href': 'http://guali.xsnet.cn/html/2017/lddt_0116/8176.html',
 'title': '2017-01-16'}
2020-11-27 18:37:53 [root] WARNING: {'date': '瓜沥召开萧山总商会瓜沥商会第四次会员大会',
 'href': 'http://guali.xsnet.cn/html/2017/lddt_0111/8165.html',
 'title': '2017-01-11'}
2020-11-27 18:37:53 [root] WARNING: {'date': '瓜沥镇召开干部大会',
 'href': 'http://guali.xsnet.cn/html/2017/lddt_0111/8164.html',
 'title': '2017-01-11'}
2020-11-27 18:37:53 [root] WARNING: {'date': '瓜沥镇机关内设机构简介',
 'href': 'http://guali.xsnet.cn/html/2016/ygzw_1214/8090.html',
 'title': '2016-12-14'}
2020-11-27 18:37:53 [root] WARNING: {'date': '瓜沥召开中共瓜沥镇第十六届代表大会第二次会议',
 'href': 'http://guali.xsnet.cn/html/2016/lddt_1214/8086.html',
 'title': '2016-12-14'}
2020-11-27 18:37:53 [root] WARNING: {'date': '瓜沥部署区、镇两级人大代表换届选举工作',
 'href': 'http://guali.xsnet.cn/html/2016/lddt_1103/7991.html',
 'title': '2016-11-03'}
2020-11-27 18:37:53 [root] WARNING: {'date': '瓜沥启动农村土地承包经营权确权登记颁证工作',
 'href': 'http://guali.xsnet.cn/html/2016/lddt_1101/7976.html',
 'title': '2016-11-01'}
2020-11-27 18:37:53 [root] WARNING: {'date': '瓜沥小城市多地取经强化城市长效管理',
 'href': 'http://guali.xsnet.cn/html/2016/lddt_0929/7852.html',
 'title': '2016-09-29'}
2020-11-27 18:37:53 [root] WARNING: {'date': '瓜沥擂响工业经济百日攻坚战鼓',
 'href': 'http://guali.xsnet.cn/html/2016/lddt_0928/7845.html',
 'title': '2016-09-28'}
2020-11-27 18:37:53 [root] WARNING: {'date': '瓜沥镇召开镇级换届选举工作动员会',
 'href': 'http://guali.xsnet.cn/html/2016/lddt_0920/7806.html',
 'title': '2016-09-20'}
2020-11-27 18:37:53 [root] WARNING: {'date': '瓜沥扎实部署后峰会时期工作',
 'href': 'http://guali.xsnet.cn/html/2016/lddt_0909/7794.html',
 'title': '2016-09-09'}
2020-11-27 18:37:53 [root] WARNING: {'date': '瓜沥举办“河长制”工作培训',
 'href': 'http://guali.xsnet.cn/html/2016/lddt_0803/7751.html',
 'title': '2016-08-03'}
2020-11-27 18:37:53 [root] WARNING: {'date': '瓜沥镇召开第十七届人民代表大会第四次会议',
 'href': 'http://guali.xsnet.cn/html/2016/lddt_0727/7722.html',
 'title': '2016-07-27'}
2020-11-27 18:37:53 [root] WARNING: {'date': '瓜沥人大代表开展《消防法》执法检查',
 'href': 'http://guali.xsnet.cn/html/2016/glxw_0714/7662.html',
 'title': '2016-07-14'}
2020-11-27 18:37:53 [root] WARNING: {'date': '瓜沥镇人大开展消防安全督查工作',
 'href': 'http://guali.xsnet.cn/html/2016/glxw_0708/7651.html',
 'title': '2016-07-08'}
2020-11-27 18:37:53 [root] WARNING: {'date': '瓜沥人大视察年度实事工程',
 'href': 'http://guali.xsnet.cn/html/2016/glxw_0708/7647.html',
 'title': '2016-07-08'}
2020-11-27 18:37:53 [root] WARNING: {'date': '瓜沥紧急部署防御台风“尼伯特”',
 'href': 'http://guali.xsnet.cn/html/2016/glxw_0708/7646.html',
 'title': '2016-07-08'}
2020-11-27 18:37:53 [root] WARNING: {'date': '瓜沥镇成立城市管理综合大队',
 'href': 'http://guali.xsnet.cn/html/2016/glxw_0624/7596.html',
 'title': '2016-06-24'}
2020-11-27 18:37:53 [root] WARNING: {'date': '瓜沥提前完成年度拆违任务',
 'href': 'http://guali.xsnet.cn/html/2016/glxw_0615/7577.html',
 'title': '2016-06-15'}
2020-11-27 18:37:53 [root] WARNING: {'date': '瓜沥加快推进大气治理工作',
 'href': 'http://guali.xsnet.cn/html/2016/glxw_0614/7571.html',
 'title': '2016-06-14'}
2020-11-27 18:37:54 [root] WARNING: {'date': '瓜沥开展环境卫生整治督查',
 'href': 'http://guali.xsnet.cn/html/2016/glxw_0608/7567.html',
 'title': '2016-06-08'}
2020-11-27 18:37:54 [root] WARNING: {'date': '瓜沥拆除沿路沿河彩钢房（棚）3000余平方',
 'href': 'http://guali.xsnet.cn/html/2016/glxw_0527/7529.html',
 'title': '2016-05-27'}
2020-11-27 18:37:54 [root] WARNING: {'date': '瓜沥“拆管齐下”有序推进美丽田园建设工作',
 'href': 'http://guali.xsnet.cn/html/2016/glxw_0506/7483.html',
 'title': '2016-05-06'}
2020-11-27 18:37:54 [root] WARNING: {'date': '瓜沥全力提升坎红线沿线环境“颜值”',
 'href': 'http://guali.xsnet.cn/html/2016/glxw_0506/7482.html',
 'title': '2016-05-06'}
2020-11-27 18:37:54 [root] WARNING: {'date': '瓜沥强势推进坎红线沿线综合环境整治',
 'href': 'http://guali.xsnet.cn/html/2016/glxw_0503/7472.html',
 'title': '2016-05-03'}
2020-11-27 18:37:54 [root] WARNING: {'date': '瓜沥深入拆除违法广告牌',
 'href': 'http://guali.xsnet.cn/html/2016/glxw_0503/7466.html',
 'title': '2016-05-03'}
2020-11-27 18:37:54 [root] WARNING: {'date': '瓜沥彩钢房（棚）整治面积达290余万平方米',
 'href': 'http://guali.xsnet.cn/html/2016/glxw_0503/7459.html',
 'title': '2016-05-03'}
2020-11-27 18:37:54 [root] WARNING: {'date': '瓜沥开展护航G20安全生产专项整治',
 'href': 'http://guali.xsnet.cn/html/2016/glxw_0503/7452.html',
 'title': '2016-05-03'}
2020-11-27 18:37:54 [root] WARNING: {'date': '瓜沥圆满完成农村住宅超面积部分有偿使用工作',
 'href': 'http://guali.xsnet.cn/html/2016/glxw_0420/7424.html',
 'title': '2016-04-20'}
2020-11-27 18:37:54 [root] WARNING: {'date': '瓜沥开展印染企业危化品专项检查工作',
 'href': 'http://guali.xsnet.cn/html/2016/glxw_0413/7410.html',
 'title': '2016-04-13'}
2020-11-27 18:37:54 [root] WARNING: {'date': '瓜沥拉网式整治主要道路两侧垃圾箱（房）',
 'href': 'http://guali.xsnet.cn/html/2016/glxw_0407/7403.html',
 'title': '2016-04-07'}
2020-11-27 18:37:54 [root] WARNING: {'date': '瓜沥人大代表开展《安全生产法》和《环境保护法》执法检查',
 'href': 'http://guali.xsnet.cn/html/2016/glxw_0401/7390.html',
 'title': '2016-04-01'}
2020-11-27 18:37:54 [root] WARNING: {'date': '瓜沥人大开展明察暗访“三改一拆”专项行动',
 'href': 'http://guali.xsnet.cn/html/2016/glxw_0401/7389.html',
 'title': '2016-04-01'}
2020-11-27 18:37:54 [root] WARNING: {'date': '瓜沥以民生工程为抓手持续推进水环境整治工作',
 'href': 'http://guali.xsnet.cn/html/2016/glxw_0317/7354.html',
 'title': '2016-03-17'}
2020-11-27 18:37:54 [root] WARNING: {'date': '瓜沥建设四路两侧整治动真格见真招',
 'href': 'http://guali.xsnet.cn/html/2016/glxw_0311/7324.html',
 'title': '2016-03-11'}
2020-11-27 18:37:54 [root] WARNING: {'date': '瓜沥地毯式排查危险化学品使用单位',
 'href': 'http://guali.xsnet.cn/html/2016/glxw_0309/7323.html',
 'title': '2016-03-09'}
2020-11-27 18:37:54 [root] WARNING: {'date': '瓜沥开展文化娱乐场所安全生产检查',
 'href': 'http://guali.xsnet.cn/html/2016/glxw_0309/7321.html',
 'title': '2016-03-09'}
2020-11-27 18:37:54 [root] WARNING: {'date': '瓜沥召开镇人大主席团（扩大）会议',
 'href': 'http://guali.xsnet.cn/html/2016/lddt_0301/7298.html',
 'title': '2016-03-01'}
2020-11-27 18:37:54 [root] WARNING: {'date': '瓜沥镇召开第十七届人民代表大会第三次会议',
 'href': 'http://guali.xsnet.cn/html/2016/lddt_0111/7202.html',
 'title': '2016-01-11'}
2020-11-27 18:37:54 [root] WARNING: {'date': '瓜沥小城市总体规划征求意见',
 'href': 'http://guali.xsnet.cn/html/2015/lddt_1102/7015.html',
 'title': '2015-11-02'}
2020-11-27 18:37:54 [root] WARNING: {'date': '瓜沥公开征集16年为民办实事项目',
 'href': 'http://guali.xsnet.cn/html/2015/lddt_1102/7014.html',
 'title': '2015-11-02'}
2020-11-27 18:37:54 [root] WARNING: {'date': '瓜沥扎实部署第四季度安全生产工作',
 'href': 'http://guali.xsnet.cn/html/2015/glxw_1026/6970.html',
 'title': '2015-10-26'}
2020-11-27 18:37:54 [root] WARNING: {'date': '瓜沥每季一评工作有辣味',
 'href': 'http://guali.xsnet.cn/html/2015/lddt_1016/6944.html',
 'title': '2015-10-16'}
2020-11-27 18:37:54 [root] WARNING: {'date': '瓜沥组织常态化集中学习为干部充电',
 'href': 'http://guali.xsnet.cn/html/2015/glxw_1015/6934.html',
 'title': '2015-10-15'}
2020-11-27 18:37:54 [root] WARNING: {'date': '瓜沥扎实推进出租房安全三大专项行动',
 'href': 'http://guali.xsnet.cn/html/2015/lddt_1008/6922.html',
 'title': '2015-10-08'}
2020-11-27 18:37:54 [root] WARNING: {'date': '瓜沥专题视察生态环境工作',
 'href': 'http://guali.xsnet.cn/html/2015/lddt_0911/6865.html',
 'title': '2015-09-11'}
2020-11-27 18:37:54 [root] WARNING: {'date': '瓜沥镇召开干部大会',
 'href': 'http://guali.xsnet.cn/html/2015/lddt_0831/6831.html',
 'title': '2015-08-31'}
2020-11-27 18:37:54 [root] WARNING: {'date': '瓜沥召开全镇村（社区）书记工作会议',
 'href': 'http://guali.xsnet.cn/html/2015/lddt_0812/6784.html',
 'title': '2015-08-12'}
2020-11-27 18:37:54 [root] WARNING: {'date': '瓜沥召开经济形势分析会',
 'href': 'http://guali.xsnet.cn/html/2015/lddt_0807/6780.html',
 'title': '2015-08-07'}
2020-11-27 18:37:54 [root] WARNING: {'date': '瓜沥强势推进后解放河固定船只整治行动',
 'href': 'http://guali.xsnet.cn/html/2015/lddt_0806/6773.html',
 'title': '2015-08-06'}
2020-11-27 18:37:54 [root] WARNING: {'date': '瓜沥荒田坞矿区进入实质性整治阶段',
 'href': 'http://guali.xsnet.cn/html/2015/lddt_0730/6752.html',
 'title': '2015-07-30'}
2020-11-27 18:37:54 [root] WARNING: {'date': '瓜沥召开人大主席团（扩大）会议',
 'href': 'http://guali.xsnet.cn/html/2015/lddt_0730/6750.html',
 'title': '2015-07-30'}
2020-11-27 18:37:54 [root] WARNING: {'date': '瓜沥传达贯彻区委十四届九次全体（扩大）会议精神',
 'href': 'http://guali.xsnet.cn/html/2015/lddt_0722/6729.html',
 'title': '2015-07-22'}
2020-11-27 18:37:54 [root] WARNING: {'date': '瓜沥召开征兵工作暨消防安全、“无违建”创建专项行动会',
 'href': 'http://guali.xsnet.cn/html/2015/lddt_0714/6714.html',
 'title': '2015-07-14'}
2020-11-27 18:37:54 [root] WARNING: {'date': '瓜沥加快推进临空产业园规划建设',
 'href': 'http://guali.xsnet.cn/html/2015/lddt_0710/6708.html',
 'title': '2015-07-10'}
2020-11-27 18:37:54 [root] WARNING: {'date': '瓜沥召开中片半年度工作会议',
 'href': 'http://guali.xsnet.cn/html/2015/lddt_0623/6649.html',
 'title': '2015-06-23'}
2020-11-27 18:37:54 [root] WARNING: {'date': '瓜沥加快推进政府重点投资项目',
 'href': 'http://guali.xsnet.cn/html/2015/lddt_0610/6623.html',
 'title': '2015-06-10'}
2020-11-27 18:37:54 [root] WARNING: {'date': '瓜沥召开招商引资工作推进专题会',
 'href': 'http://guali.xsnet.cn/html/2015/lddt_0601/6610.html',
 'title': '2015-06-01'}
2020-11-27 18:37:54 [root] WARNING: {'date': '瓜沥机关干部试行“分片下沉”',
 'href': 'http://guali.xsnet.cn/html/2015/lddt_0601/6606.html',
 'title': '2015-06-01'}
2020-11-27 18:37:54 [root] WARNING: {'date': '瓜沥召开经济形势分析会',
 'href': 'http://guali.xsnet.cn/html/2015/lddt_0514/6556.html',
 'title': '2015-05-14'}
2020-11-27 18:37:54 [root] WARNING: {'date': '瓜沥召开产业平台规划、招商引资工作推进会',
 'href': 'http://guali.xsnet.cn/html/2015/lddt_0420/6483.html',
 'title': '2015-04-20'}
2020-11-27 18:37:54 [root] WARNING: {'date': '瓜沥召开镇人大主席团（扩大）会议',
 'href': 'http://guali.xsnet.cn/html/2015/lddt_0313/6391.html',
 'title': '2015-03-13'}
2020-11-27 18:37:54 [root] WARNING: {'date': '区政府工作报告分片征求意见会在瓜沥召开',
 'href': 'http://guali.xsnet.cn/html/2015/glxw_0122/6260.html',
 'title': '2015-01-22'}
2020-11-27 18:37:54 [root] WARNING: {'date': '瓜沥召开镇村干部会议',
 'href': 'http://guali.xsnet.cn/html/2014/lddt_1204/6169.html',
 'title': '2014-12-04'}
2020-11-27 18:37:54 [root] WARNING: {'date': '瓜沥人大代表视察重点工程、政府为民办实事工程',
 'href': 'http://guali.xsnet.cn/html/2014/lddt_1014/5989.html',
 'title': '2014-10-14'}
2020-11-27 18:37:54 [root] WARNING: {'date': '瓜沥召开2014年政府实事项目推进专题会',
 'href': 'http://guali.xsnet.cn/html/2014/glxw_1009/5974.html',
 'title': '2014-10-09'}
2020-11-27 18:37:54 [root] WARNING: {'date': '瓜沥召开干部选拔任用工作报告会',
 'href': 'http://guali.xsnet.cn/html/2014/lddt_0903/5867.html',
 'title': '2014-09-03'}
2020-11-27 18:37:54 [root] WARNING: {'date': '瓜沥召开经济形势分析会',
 'href': 'http://guali.xsnet.cn/html/2014/lddt_0821/5827.html',
 'title': '2014-08-21'}
2020-11-27 18:37:54 [root] WARNING: {'date': '瓜沥召开有关政府投资项目设计方案评审会',
 'href': 'http://guali.xsnet.cn/html/2014/lddt_0818/5809.html',
 'title': '2014-08-18'}
2020-11-27 18:37:54 [root] WARNING: {'date': '瓜沥召开征迁工作进度汇报会',
 'href': 'http://guali.xsnet.cn/html/2014/glxw_0818/5806.html',
 'title': '2014-08-18'}
2020-11-27 18:37:54 [root] WARNING: {'date': '瓜沥部署综治、信访维稳、平安创建工作',
 'href': 'http://guali.xsnet.cn/html/2014/glxw_0619/5632.html',
 'title': '2014-06-19'}
2020-11-27 18:37:54 [root] WARNING: {'date': '瓜沥全面启动党的群众路线教育实践活动',
 'href': 'http://guali.xsnet.cn/html/2014/lddt_0224/5188.html',
 'title': '2014-02-24'}
2020-11-27 18:37:54 [root] WARNING: {'date': '瓜沥省、市、区三级人大代表视察重点工程',
 'href': 'http://guali.xsnet.cn/html/2014/lddt_0114/5049.html',
 'title': '2014-01-14'}
2020-11-27 18:37:54 [root] WARNING: {'date': '瓜沥评审小城市（2013-2030）概念性规划方案',
 'href': 'http://guali.xsnet.cn/html/2014/lddt_0113/5036.html',
 'title': '2014-01-13'}
2020-11-27 18:37:54 [root] WARNING: {'date': '瓜沥分解落实新一年实事工程任务',
 'href': 'http://guali.xsnet.cn/html/2014/glxw_0108/5012.html',
 'title': '2014-01-08'}
2020-11-27 18:37:54 [root] WARNING: {'date': '镇领导现场督查八柯线沿线违法建筑专项整治工作',
 'href': 'http://guali.xsnet.cn/html/2014/lddt_0107/5001.html',
 'title': '2014-01-07'}
2020-11-27 18:37:54 [root] WARNING: {'date': '瓜沥全面部署生猪禁限养及污染整治工作',
 'href': 'http://guali.xsnet.cn/html/2014/glxw_0107/4998.html',
 'title': '2014-01-07'}
2020-11-27 18:37:54 [root] WARNING: {'date': '《区政府工作报告》东片镇街意见征求会在瓜沥召开',
 'href': 'http://guali.xsnet.cn/html/2014/glxw_0107/4992.html',
 'title': '2014-01-07'}
2020-11-27 18:37:54 [root] WARNING: {'date': '瓜沥召开第一批简易附房拆违专项整治现场推进会',
 'href': 'http://guali.xsnet.cn/html/2014/glxw_0106/4971.html',
 'title': '2014-01-06'}
2020-11-27 18:37:54 [root] WARNING: {'date': '镇党委书记高卫国赴东片了解村委会换届选举工作',
 'href': 'http://guali.xsnet.cn/html/2013/lddt_1226/4907.html',
 'title': '2013-12-26'}
2020-11-27 18:37:54 [root] WARNING: {'date': '瓜沥召开坎红线沿线违法建筑整治专题协调会',
 'href': 'http://guali.xsnet.cn/html/2013/lddt_1226/4903.html',
 'title': '2013-12-26'}
2020-11-27 18:37:54 [root] WARNING: {'date': '瓜沥开展项目推进专项督查',
 'href': 'http://guali.xsnet.cn/html/2013/glxw_1225/4889.html',
 'title': '2013-12-25'}
2020-11-27 18:37:54 [root] WARNING: {'date': '瓜沥启动2014年全镇城乡居民基本医疗保险工作',
 'href': 'http://guali.xsnet.cn/html/2013/glxw_1223/4883.html',
 'title': '2013-12-23'}
2020-11-27 18:37:54 [root] WARNING: {'date': '瓜沥借势推进主要交通道路沿线违法建筑专项整治',
 'href': 'http://guali.xsnet.cn/html/2013/lddt_1213/4842.html',
 'title': '2013-12-13'}
2020-11-27 18:37:54 [root] WARNING: {'date': '瓜沥第十七届人民代表大会召开',
 'href': 'http://guali.xsnet.cn/html/2013/lddt_1212/4837.html',
 'title': '2013-12-12'}
2020-11-27 18:37:54 [root] WARNING: {'date': '瓜沥召开镇政法综治工作会议',
 'href': 'http://guali.xsnet.cn/html/2013/glxw_1212/4825.html',
 'title': '2013-12-12'}
2020-11-27 18:37:54 [root] WARNING: {'date': '瓜沥召开政府相关投资项目推进专题会',
 'href': 'http://guali.xsnet.cn/html/2013/lddt_1205/4803.html',
 'title': '2013-12-05'}
2020-11-27 18:37:54 [root] WARNING: {'date': '瓜沥再次就2014年度为民办实事项目征求意见',
 'href': 'http://guali.xsnet.cn/html/2013/glxw_1205/4798.html',
 'title': '2013-12-05'}
2020-11-27 18:37:54 [root] WARNING: {'date': '瓜沥推进道路沿线违法建筑专项整治',
 'href': 'http://guali.xsnet.cn/html/2013/lddt_1127/4725.html',
 'title': '2013-11-27'}
2020-11-27 18:37:54 [root] WARNING: {'date': '瓜沥圆满完成村级党组织换届选举',
 'href': 'http://guali.xsnet.cn/html/2013/glxw_1127/4722.html',
 'title': '2013-11-27'}
2020-11-27 18:37:54 [root] WARNING: {'date': '瓜沥召开政府实事项目和重点工作推进专题会',
 'href': 'http://guali.xsnet.cn/html/2013/glxw_1122/4692.html',
 'title': '2013-11-22'}
2020-11-27 18:37:54 [root] WARNING: {'date': '瓜沥加强村级组织换届期间印章管理',
 'href': 'http://guali.xsnet.cn/html/2013/glxw_1118/4656.html',
 'title': '2013-11-18'}
2020-11-27 18:37:54 [root] WARNING: {'date': '瓜沥征集2014年政府为民办实事项目',
 'href': 'http://guali.xsnet.cn/html/2013/glxw_1025/4526.html',
 'title': '2013-10-25'}
2020-11-27 18:37:54 [root] WARNING: {'date': '瓜沥召开2013年政府实事工程推进会',
 'href': 'http://guali.xsnet.cn/html/2013/glxw_1025/4525.html',
 'title': '2013-10-25'}
2020-11-27 18:37:54 [root] WARNING: {'date': '瓜沥高效推进项目建设',
 'href': 'http://guali.xsnet.cn/html/2013/lddt_0918/4156.html',
 'title': '2013-09-18'}
2020-11-27 18:37:54 [root] WARNING: {'date': '新瓜沥小城市跨越式发展掀开新篇章',
 'href': 'http://guali.xsnet.cn/html/2013/glxw_0904/4069.html',
 'title': '2013-09-04'}
2020-11-27 18:37:54 [root] WARNING: {'date': '瓜沥传达贯彻区委十四届五次全体（扩大）会议精神',
 'href': 'http://guali.xsnet.cn/html/2013/lddt_0806/3965.html',
 'title': '2013-08-06'}
2020-11-27 18:37:54 [root] WARNING: {'date': '瓜沥召开半年度工作会议',
 'href': 'http://guali.xsnet.cn/html/2013/lddt_0802/3944.html',
 'title': '2013-08-02'}
2020-11-27 18:37:54 [root] WARNING: {'date': '瓜沥启动印染、化工、铸造三大行业整治提升工作',
 'href': 'http://guali.xsnet.cn/html/2013/glxw_0802/3941.html',
 'title': '2013-08-02'}
2020-11-27 18:37:54 [root] WARNING: {'date': '瓜沥镇党委书记高卫国专访',
 'href': 'http://guali.xsnet.cn/html/2013/lddt_0723/3901.html',
 'title': '2013-07-23'}
2020-11-27 18:37:54 [root] WARNING: {'date': '瓜沥2013年征兵工作全面启动',
 'href': 'http://guali.xsnet.cn/html/2013/glxw_0719/3891.html',
 'title': '2013-07-19'}
2020-11-27 18:37:54 [root] WARNING: {'date': '瓜沥贯彻落实全区干部队伍建设会议精神',
 'href': 'http://guali.xsnet.cn/html/2013/lddt_0703/3813.html',
 'title': '2013-07-03'}
2020-11-27 18:37:54 [root] WARNING: {'date': '瓜沥圆满完成机场二期拆迁安置房分房工作',
 'href': 'http://guali.xsnet.cn/html/2013/glxw_0701/3781.html',
 'title': '2013-07-01'}
2020-11-27 18:37:54 [root] WARNING: {'date': '瓜沥召开镇村干部会议',
 'href': 'http://guali.xsnet.cn/html/2013/lddt_0621/3735.html',
 'title': '2013-06-21'}
2020-11-27 18:37:54 [root] WARNING: {'date': '瓜沥：为小城市“腾”空间',
 'href': 'http://guali.xsnet.cn/html/2013/ygzw_0603/3205.html',
 'title': '2013-06-03'}
2020-11-27 18:37:54 [root] WARNING: {'date': '瓜沥联村干部制度的“微创新”',
 'href': 'http://guali.xsnet.cn/html/2013/ygzw_0601/3204.html',
 'title': '2013-06-01'}
2020-11-27 18:37:54 [root] WARNING: {'date': '瓜沥召开三益线综合整治相关项目评审会',
 'href': 'http://guali.xsnet.cn/html/2013/ygzw_0528/3203.html',
 'title': '2013-05-28'}
2020-11-27 18:37:54 [root] WARNING: {'date': '打造最优政务环境加快由镇到城跨越进程',
 'href': 'http://guali.xsnet.cn/html/2013/ygzw_0526/3202.html',
 'title': '2013-05-26'}
2020-11-27 18:37:54 [root] WARNING: {'date': '瓜沥：承诺上墙村干部立下“军令状”',
 'href': 'http://guali.xsnet.cn/html/2013/ygzw_0425/3201.html',
 'title': '2013-04-25'}
2020-11-27 18:37:54 [root] WARNING: {'date': '瓜沥传达贯彻全国“两会”精神',
 'href': 'http://guali.xsnet.cn/html/2013/ygzw_0322/3200.html',
 'title': '2013-03-22'}
2020-11-27 18:37:54 [root] WARNING: {'date': '瓜沥决战小城市试点三年行动计划',
 'href': 'http://guali.xsnet.cn/html/2013/ygzw_0217/3199.html',
 'title': '2013-02-17'}
2020-11-27 18:37:54 [root] WARNING: {'date': '瓜沥打击非法行医',
 'href': 'http://guali.xsnet.cn/html/2013/ygzw_0131/3198.html',
 'title': '2013-01-31'}
2020-11-27 18:37:54 [root] WARNING: {'date': '瓜沥为民办好十件实事',
 'href': 'http://guali.xsnet.cn/html/2013/ygzw_0130/3197.html',
 'title': '2013-01-30'}
2020-11-27 18:37:54 [root] WARNING: {'date': '瓜沥镇第十六届人代会二次会议隆重召开',
 'href': 'http://guali.xsnet.cn/html/2013/ygzw_0125/3196.html',
 'title': '2013-01-25'}
2020-11-27 18:37:54 [root] WARNING: {'date': '瓜沥开展文化娱乐场所安全生产检查',
 'href': 'http://guali.xsnet.cn/html/2013/ygzw_0104/3195.html',
 'title': '2013-01-04'}
2020-11-27 18:37:54 [root] WARNING: {'date': '集中精力，抓好工程全面开工最后冲刺',
 'href': 'http://guali.xsnet.cn/html/2012/ygzw_1217/3194.html',
 'title': '2012-12-17'}
2020-11-27 18:37:54 [root] WARNING: {'date': '瓜沥推进政府重大投资项目建设',
 'href': 'http://guali.xsnet.cn/html/2012/ygzw_1207/3193.html',
 'title': '2012-12-07'}
2020-11-27 18:37:54 [root] WARNING: {'date': '瓜沥召开全镇干部会议',
 'href': 'http://guali.xsnet.cn/html/2012/ygzw_1119/3192.html',
 'title': '2012-11-19'}
2020-11-27 18:37:54 [root] WARNING: {'date': '瓜沥召开第三届运动会暨艺术节协调会',
 'href': 'http://guali.xsnet.cn/html/2012/ygzw_1017/3191.html',
 'title': '2012-10-17'}
2020-11-27 18:37:54 [root] WARNING: {'date': '瓜沥全面推进村级会计出纳双代理工作',
 'href': 'http://guali.xsnet.cn/html/2012/ygzw_1015/3190.html',
 'title': '2012-10-15'}
2020-11-27 18:37:54 [root] WARNING: {'date': '瓜沥镇开展节前卫生大检查',
 'href': 'http://guali.xsnet.cn/html/2012/ygzw_0929/3189.html',
 'title': '2012-09-29'}
2020-11-27 18:37:54 [root] WARNING: {'date': '瓜沥召开城南、塘头公园建设现场推进会',
 'href': 'http://guali.xsnet.cn/html/2012/ygzw_0925/3188.html',
 'title': '2012-09-25'}
2020-11-27 18:37:54 [root] WARNING: {'date': '瓜沥召开“妇女心灵驿站”现场会',
 'href': 'http://guali.xsnet.cn/html/2012/ygzw_0914/3187.html',
 'title': '2012-09-14'}
2020-11-27 18:37:54 [root] WARNING: {'date': '瓜沥全镇干部接受警示教育',
 'href': 'http://guali.xsnet.cn/html/2012/ygzw_0829/3186.html',
 'title': '2012-08-29'}
2020-11-27 18:37:54 [root] WARNING: {'date': '瓜沥48位困难大学生获慈善资助',
 'href': 'http://guali.xsnet.cn/html/2012/ygzw_0828/3185.html',
 'title': '2012-08-28'}
2020-11-27 18:37:54 [root] WARNING: {'date': '“三不”政策敦促项目开工',
 'href': 'http://guali.xsnet.cn/html/2012/ygzw_0822/3184.html',
 'title': '2012-08-22'}
2020-11-27 18:37:54 [root] WARNING: {'date': '瓜沥强势推进“全国生态镇”创建',
 'href': 'http://guali.xsnet.cn/html/2012/ygzw_0822/3183.html',
 'title': '2012-08-22'}
2020-11-27 18:37:54 [root] WARNING: {'date': '瓜沥倾情破解“三大难题”',
 'href': 'http://guali.xsnet.cn/html/2012/ygzw_0822/3182.html',
 'title': '2012-08-22'}
2020-11-27 18:37:54 [root] WARNING: {'date': '瓜沥吹响决战下半年“冲锋号”',
 'href': 'http://guali.xsnet.cn/html/2012/ygzw_0822/3181.html',
 'title': '2012-08-22'}
2020-11-27 18:37:54 [root] WARNING: {'date': '瓜沥“五大机制”为企业“减压”护航',
 'href': 'http://guali.xsnet.cn/html/2012/ygzw_0822/3180.html',
 'title': '2012-08-22'}
2020-11-27 18:37:54 [root] WARNING: {'date': '瓜沥强势推进“全国生态镇”创建工作',
 'href': 'http://guali.xsnet.cn/html/2012/ygzw_0815/3179.html',
 'title': '2012-08-15'}
2020-11-27 18:37:54 [root] WARNING: {'date': '围绕“五个制” 做到“五办一好”',
 'href': 'http://guali.xsnet.cn/html/2012/ygzw_0806/3178.html',
 'title': '2012-08-06'}
2020-11-27 18:37:54 [root] WARNING: {'date': '瓜沥召开临港工业园区整治工作汇报会',
 'href': 'http://guali.xsnet.cn/html/2012/ygzw_0806/3177.html',
 'title': '2012-08-06'}
2020-11-27 18:37:54 [root] WARNING: {'date': '瓜沥筑牢村干部“廉洁防火墙”',
 'href': 'http://guali.xsnet.cn/html/2012/ygzw_0730/3176.html',
 'title': '2012-07-30'}
2020-11-27 18:37:54 [root] WARNING: {'date': '瓜沥“双重双送”为企业“解渴”',
 'href': 'http://guali.xsnet.cn/html/2012/ygzw_0730/3175.html',
 'title': '2012-07-30'}
2020-11-27 18:37:54 [root] WARNING: {'date': '瓜沥积极创建浙江省科普文明示范镇',
 'href': 'http://guali.xsnet.cn/html/2012/ygzw_0724/3174.html',
 'title': '2012-07-24'}
2020-11-27 18:37:54 [root] WARNING: {'date': '做到“五个更加”破解“三个不够快”',
 'href': 'http://guali.xsnet.cn/html/2012/ygzw_0724/3173.html',
 'title': '2012-07-24'}
2020-11-27 18:37:54 [root] WARNING: {'date': '“十个一批”倾力“送服务、破难题”',
 'href': 'http://guali.xsnet.cn/html/2012/ygzw_0723/3172.html',
 'title': '2012-07-23'}
2020-11-27 18:37:54 [root] WARNING: {'date': '瓜沥区人大代表审议区政府半年度工作',
 'href': 'http://guali.xsnet.cn/html/2012/ygzw_0719/3171.html',
 'title': '2012-07-19'}
2020-11-27 18:37:54 [root] WARNING: {'date': '镇领导调研农业龙头企业发展情况',
 'href': 'http://guali.xsnet.cn/html/2012/ygzw_0718/3170.html',
 'title': '2012-07-18'}
2020-11-27 18:37:54 [root] WARNING: {'date': '瓜沥举行工业经济座谈会',
 'href': 'http://guali.xsnet.cn/html/2012/ygzw_0713/3169.html',
 'title': '2012-07-13'}
2020-11-27 18:37:54 [root] WARNING: {'date': '航坞山景区规划通过评审',
 'href': 'http://guali.xsnet.cn/html/2012/ygzw_0707/3168.html',
 'title': '2012-07-07'}
2020-11-27 18:37:54 [root] WARNING: {'date': '瓜沥召开纪念建党91周年暨表彰大会',
 'href': 'http://guali.xsnet.cn/html/2012/ygzw_0629/3167.html',
 'title': '2012-06-29'}
2020-11-27 18:37:54 [root] WARNING: {'date': '区政协调研瓜沥医疗卫生服务体系建设',
 'href': 'http://guali.xsnet.cn/html/2012/ygzw_0628/3166.html',
 'title': '2012-06-28'}
2020-11-27 18:37:54 [root] WARNING: {'date': '瓜沥镇新区城市综合体方案设计招标公告',
 'href': 'http://guali.xsnet.cn/html/2010/ygzw_0529/3165.html',
 'title': '2010-05-29'}
2020-11-27 18:37:55 [root] WARNING: {'date': '瓜沥开展“五美”家庭活动',
 'href': 'http://guali.xsnet.cn/html/2010/ygzw_0428/3164.html',
 'title': '2010-04-28'}
2020-11-27 18:37:55 [root] WARNING: {'date': '瓜沥加快新区建设进程',
 'href': 'http://guali.xsnet.cn/html/2010/ygzw_0420/3163.html',
 'title': '2010-04-20'}
2020-11-27 18:37:55 [root] WARNING: {'date': '瓜沥亮相城镇投资博览会',
 'href': 'http://guali.xsnet.cn/html/2010/ygzw_0331/3161.html',
 'title': '2010-03-31'}
2020-11-27 18:37:55 [root] WARNING: {'date': '我镇举办第一季度村、社区书记读书会',
 'href': 'http://guali.xsnet.cn/html/2010/ygzw_0331/3162.html',
 'title': '2010-03-31'}
2020-11-27 18:37:55 [root] WARNING: {'date': '瓜沥开展八柯线道路环境大整治',
 'href': 'http://guali.xsnet.cn/html/2010/ygzw_0321/3160.html',
 'title': '2010-03-21'}
2020-11-27 18:37:55 [root] WARNING: {'date': '瓜沥吹响“三年行动计划”决胜号角',
 'href': 'http://guali.xsnet.cn/html/2010/ygzw_0223/3159.html',
 'title': '2010-02-23'}
2020-11-27 18:37:55 [root] WARNING: {'date': '在全镇2009年度总结表彰暨“三年行动计划”决战之',
 'href': 'http://guali.xsnet.cn/html/2010/ygzw_0222/3158.html',
 'title': '2010-02-22'}
2020-11-27 18:37:55 [root] WARNING: {'date': '瓜沥白龙寺要建成祈福胜地',
 'href': 'http://guali.xsnet.cn/html/2010/ygzw_0203/3157.html',
 'title': '2010-02-03'}
2020-11-27 18:37:55 [root] WARNING: {'date': '瓜沥决战三年行动计划',
 'href': 'http://guali.xsnet.cn/html/2010/ygzw_0125/3156.html',
 'title': '2010-01-25'}
2020-11-27 18:37:55 [root] WARNING: {'date': '瓜沥表彰“金牌职工”',
 'href': 'http://guali.xsnet.cn/html/2010/ygzw_0104/3155.html',
 'title': '2010-01-04'}
2020-11-27 18:37:55 [root] WARNING: {'date': '市“创卫”组为瓜沥把脉开方',
 'href': 'http://guali.xsnet.cn/html/2009/ygzw_0715/3154.html',
 'title': '2009-07-15'}
2020-11-27 18:37:55 [root] WARNING: {'date': '瓜沥帮扶低收入农户',
 'href': 'http://guali.xsnet.cn/html/2009/ygzw_0417/3153.html',
 'title': '2009-04-17'}
2020-11-27 18:37:55 [root] WARNING: {'date': '瓜沥推进项目建设有新招',
 'href': 'http://guali.xsnet.cn/html/2009/ygzw_0410/3152.html',
 'title': '2009-04-10'}
2020-11-27 18:37:55 [root] WARNING: {'date': '瓜沥：向10亿村企业送牌匾',
 'href': 'http://guali.xsnet.cn/html/2008/ygzw_0215/3147.html',
 'title': '2008-02-15'}
2020-11-27 18:37:55 [root] WARNING: {'date': '2008年政府工作报告',
 'href': 'http://guali.xsnet.cn/html/2008/ygzw_0125/3146.html',
 'title': '2008-01-25'}
2021-01-10 10:21:24 [scrapy.core.scraper] ERROR: Spider error processing <GET http://guali.xsnet.cn/html/ygzw/> (referer: None)
Traceback (most recent call last):
  File "c:\users\all\anaconda3\envs\spider\lib\site-packages\scrapy\utils\defer.py", line 120, in iter_errback
    yield next(it)
  File "c:\users\all\anaconda3\envs\spider\lib\site-packages\scrapy\utils\python.py", line 353, in __next__
    return next(self.data)
  File "c:\users\all\anaconda3\envs\spider\lib\site-packages\scrapy\utils\python.py", line 353, in __next__
    return next(self.data)
  File "c:\users\all\anaconda3\envs\spider\lib\site-packages\scrapy\core\spidermw.py", line 62, in _evaluate_iterable
    for r in iterable:
  File "c:\users\all\anaconda3\envs\spider\lib\site-packages\scrapy\spidermiddlewares\offsite.py", line 29, in process_spider_output
    for x in result:
  File "c:\users\all\anaconda3\envs\spider\lib\site-packages\scrapy\core\spidermw.py", line 62, in _evaluate_iterable
    for r in iterable:
  File "c:\users\all\anaconda3\envs\spider\lib\site-packages\scrapy\spidermiddlewares\referer.py", line 340, in <genexpr>
    return (_set_referer(r) for r in result or ())
  File "c:\users\all\anaconda3\envs\spider\lib\site-packages\scrapy\core\spidermw.py", line 62, in _evaluate_iterable
    for r in iterable:
  File "c:\users\all\anaconda3\envs\spider\lib\site-packages\scrapy\spidermiddlewares\urllength.py", line 37, in <genexpr>
    return (r for r in result or () if _filter(r))
  File "c:\users\all\anaconda3\envs\spider\lib\site-packages\scrapy\core\spidermw.py", line 62, in _evaluate_iterable
    for r in iterable:
  File "c:\users\all\anaconda3\envs\spider\lib\site-packages\scrapy\spidermiddlewares\depth.py", line 58, in <genexpr>
    return (r for r in result or () if _filter(r))
  File "c:\users\all\anaconda3\envs\spider\lib\site-packages\scrapy\core\spidermw.py", line 62, in _evaluate_iterable
    for r in iterable:
  File "D:\code\scrapy\second\second\spiders\basic.py", line 22, in parse
    item["title"]=one.xpath(".//span/text()").extract()[0]
  File "c:\users\all\anaconda3\envs\spider\lib\site-packages\scrapy\item.py", line 99, in __setitem__
    raise KeyError(f"{self.__class__.__name__} does not support field: {key}")
KeyError: 'SecondItem does not support field: title'
